<?xml version="1.0" encoding="UTF-8"?>
<testng-results ignored="0" total="4" passed="4" failed="0" skipped="0">
  <reporter-output>
  </reporter-output>
  <suite started-at="2025-02-16T00:42:09 TRT" name="Command line suite" finished-at="2025-02-16T00:42:14 TRT" duration-ms="5761">
    <groups>
    </groups>
    <test started-at="2025-02-16T00:42:09 TRT" name="Command line test" finished-at="2025-02-16T00:42:14 TRT" duration-ms="5761">
      <class name="org.automation.tests.DeleteOrderTest">
        <test-method signature="testDeleteOrder()[pri:0, instance:org.automation.tests.DeleteOrderTest@45d2ade3]" started-at="2025-02-16T00:42:09 TRT" name="testDeleteOrder" finished-at="2025-02-16T00:42:12 TRT" duration-ms="3026" status="PASS">
          <reporter-output>
          </reporter-output>
        </test-method> <!-- testDeleteOrder -->
      </class> <!-- org.automation.tests.DeleteOrderTest -->
      <class name="org.automation.tests.GetBooksTest">
        <test-method signature="testGetBooks()[pri:0, instance:org.automation.tests.GetBooksTest@1672fe87]" started-at="2025-02-16T00:42:12 TRT" name="testGetBooks" finished-at="2025-02-16T00:42:12 TRT" duration-ms="321" status="PASS">
          <reporter-output>
          </reporter-output>
        </test-method> <!-- testGetBooks -->
      </class> <!-- org.automation.tests.GetBooksTest -->
      <class name="org.automation.tests.PatchOrderTest">
        <test-method signature="testUpdateOrder()[pri:0, instance:org.automation.tests.PatchOrderTest@5026735c]" started-at="2025-02-16T00:42:12 TRT" name="testUpdateOrder" finished-at="2025-02-16T00:42:13 TRT" duration-ms="1455" status="PASS">
          <reporter-output>
          </reporter-output>
        </test-method> <!-- testUpdateOrder -->
      </class> <!-- org.automation.tests.PatchOrderTest -->
      <class name="org.automation.tests.PostOrderTest">
        <test-method signature="testPostOrder()[pri:0, instance:org.automation.tests.PostOrderTest@1b45c0e]" started-at="2025-02-16T00:42:13 TRT" name="testPostOrder" finished-at="2025-02-16T00:42:14 TRT" duration-ms="932" status="PASS">
          <reporter-output>
          </reporter-output>
        </test-method> <!-- testPostOrder -->
      </class> <!-- org.automation.tests.PostOrderTest -->
    </test> <!-- Command line test -->
  </suite> <!-- Command line suite -->
</testng-results>
