<?xml version="1.0" encoding="UTF-8"?>
<!-- Generated by org.testng.reporters.JUnitXMLReporter -->
<testsuite ignored="0" hostname="LAPTOP-HI1MQQBQ" failures="0" tests="4" name="Command line test" time="5.761" errors="0" timestamp="2025-02-16T00:42:14 TRT">
  <testcase classname="org.automation.tests.DeleteOrderTest" name="testDeleteOrder" time="3.026"/>
  <testcase classname="org.automation.tests.GetBooksTest" name="testGetBooks" time="0.321"/>
  <testcase classname="org.automation.tests.PatchOrderTest" name="testUpdateOrder" time="1.455"/>
  <testcase classname="org.automation.tests.PostOrderTest" name="testPostOrder" time="0.932"/>
</testsuite> <!-- Command line test -->
